1555309576393	mozrunner::runner	INFO	Running command: "C:\\Program Files\\Firefox Developer Edition\\firefox.exe" "-marionette" "-foreground" "-no-remote" "-profile" "C:\\Users\\kumanz\\AppData\\Local\\Temp\\rust_mozprofile.Z98feA4jDdoA"
1555309605307	mozrunner::runner	INFO	Running command: "C:\\Program Files\\Firefox Developer Edition\\firefox.exe" "-marionette" "-foreground" "-no-remote" "-profile" "C:\\Users\\kumanz\\AppData\\Local\\Temp\\rust_mozprofile.NDwKBLxynp61"
1555309605839	addons.webextension.screenshots@mozilla.org	WARN	Loading extension 'screenshots@mozilla.org': Reading manifest: Invalid extension permission: mozillaAddons
1555309605839	addons.webextension.screenshots@mozilla.org	WARN	Loading extension 'screenshots@mozilla.org': Reading manifest: Invalid extension permission: resource://pdf.js/
1555309605839	addons.webextension.screenshots@mozilla.org	WARN	Loading extension 'screenshots@mozilla.org': Reading manifest: Invalid extension permission: about:reader*
1555309610912	Marionette	INFO	Listening on port 56357
1555309611330	Marionette	WARN	TLS certificate errors will be ignored for this session
1555309621302	Marionette	INFO	Stopped listening on port 56357
[Parent 5800, Gecko_IOThread] WARNING: pipe error: 109: file z:/task_1554725583/build/src/ipc/chromium/src/chrome/common/ipc_channel_win.cc, line 341
[Child 12968, Chrome_ChildThread] WARNING: pipe error: 109: file z:/task_1554725583/build/src/ipc/chromium/src/chrome/common/ipc_channel_win.cc, line 341
[Child 12968, Chrome_ChildThread] WARNING: pip[Parent 5800, Gecko_IOThread] WARNING: pipe error: 109: file z:/task_1554725583/build/src/ipc/chromium/src/chrome/common/ipc_channel_win.cc, line 341
[Child 11392, Chrome_ChildThread] WARNING: pipe error: 109: file z:/task_1554725583/build/src/ipc/chromium/src/chrome/common/ipc_channel_win.cc, line 341
[Child 11392, [Parent 5800, Gecko_IOThread] WARNING: pipe error: 109: file z:/task_1554725583/build/src/ipc/chromium/src/chrome/common/ipc_channel_win.cc, line 341
[Child 8684, Chrome_ChildThread] WARNING: pipe error: 109: file z:/task_1554725583/build/src/ipc/chromium/src/chrome/common/ipc_channel_win.cc, line 341
[Child 86JavaScript error: resource://gre/modules/Sqlite.jsm, line 834: Error: Connection is not open.

###!!! [Child][RunMessage] Error: Channel closing: too late to send/recv, messages will be lost

[
###!!! [Child][MessageChannel::SendAndWait] Error: Channel error: cannot send/recv

1555309642622	mozrunner::runner	INFO	Running command: "C:\\Program Files\\Firefox Developer Edition\\firefox.exe" "-marionette" "-foreground" "-no-remote" "-profile" "C:\\Users\\kumanz\\AppData\\Local\\Temp\\rust_mozprofile.ztOmeCcpEns6"
1555309643135	addons.webextension.screenshots@mozilla.org	WARN	Loading extension 'screenshots@mozilla.org': Reading manifest: Invalid extension permission: mozillaAddons
1555309643135	addons.webextension.screenshots@mozilla.org	WARN	Loading extension 'screenshots@mozilla.org': Reading manifest: Invalid extension permission: resource://pdf.js/
1555309643135	addons.webextension.screenshots@mozilla.org	WARN	Loading extension 'screenshots@mozilla.org': Reading manifest: Invalid extension permission: about:reader*
1555309647117	Marionette	INFO	Listening on port 56410
1555309647524	Marionette	WARN	TLS certificate errors will be ignored for this session
1555309655875	Marionette	INFO	Stopped listening on port 56410
[Child 8636, Chrome_ChildThread] WARNING: pipe error: 109: file z:/task_1554725583/build/src/ipc/chromium/src/chrome/common/ipc_channel_win.cc, line 341
[Child 8636, Ch[Parent 9196, Gecko_IOThread] WARNING: pipe error: 109: file z:/task_1554725583/build/src/ipc/chromium/src/chrome/common/ipc_channel_win.cc, line 341
[Child 12516, Chrome_ChildThread] WARNING: pipe error: 109: file z:/task_1554725583/build/src/ipc/chromium/src/chrome/common/ipc_channel_win.cc, line 341
[Child 1251[Parent 9196, Gecko_IOThread] WARNING: pipe error: 109: file z:/task_1554725583/build/src/ipc/chromium/src/chrome/common/ipc_channel_win.cc, line 341
[Child 2956, Chrome_ChildThread] WARNING: pipe error: 109: file z:/task_1554725583/build/src/ipc/chromium/src/chrome/common/ipc_channel_win.cc, line 341
[Chi[GPU
###!!! [Child][MessageChannel::SendAndWait] Error: Channel error: cannot send/recv

1555310069591	mozrunner::runner	INFO	Running command: "C:\\Program Files\\Firefox Developer Edition\\firefox.exe" "-marionette" "-foreground" "-no-remote" "-profile" "C:\\Users\\kumanz\\AppData\\Local\\Temp\\rust_mozprofile.cgFxYwdL0azh"
1555310070009	addons.webextension.screenshots@mozilla.org	WARN	Loading extension 'screenshots@mozilla.org': Reading manifest: Invalid extension permission: mozillaAddons
1555310070009	addons.webextension.screenshots@mozilla.org	WARN	Loading extension 'screenshots@mozilla.org': Reading manifest: Invalid extension permission: resource://pdf.js/
1555310070009	addons.webextension.screenshots@mozilla.org	WARN	Loading extension 'screenshots@mozilla.org': Reading manifest: Invalid extension permission: about:reader*
1555310075759	Marionette	INFO	Listening on port 58088
1555310076306	Marionette	WARN	TLS certificate errors will be ignored for this session
1555310085394	Marionette	INFO	Stopped listening on port 58088
[Parent 12528, Gecko_IOThread] WARNING: pipe error: 109: file z:/task_1554725583/build/src/ipc/chromium/src/chrome/common/ipc_channel_win.cc, line 341
[Child 12352, Chrome_ChildThread] WARNING: pipe error: 109: file z:/task_1554725583/build/src/ipc/chromium/src/chrome/common/ipc_channel_win.cc, line 341
[Child 1235[Parent 12528, Gecko_IOThread] WARNING: pipe error: 109: file z:/task_1554725583/build/src/ipc/chromium/src/chrome/common/ipc_channel_win.cc, line 341
[Child 3060, Chrome_ChildThread] WARNING: pipe error: 109: file z:/task_1554725583/build/src/ipc/chromium/src/chrome/common/ipc_channel_win.cc, line 341
[Child 3060
###!!! [Child][RunMessage] Error: Channel closing: too late to send/recv, messages will be lost

[GP[Parent 12528, Gecko_IOThread] WARNING: pipe error: 232: file z:/task_1554725583/build/src/ipc/chromium/src/chrome/common/ipc_channel_win.cc, line 502
1556010476583	mozrunner::runner	INFO	Running command: "C:\\Program Files\\Firefox Developer Edition\\firefox.exe" "-marionette" "-foreground" "-no-remote" "-profile" "C:\\Users\\kumanz\\AppData\\Local\\Temp\\rust_mozprofile.2rzM6omAvkJH"
1556010480166	addons.webextension.screenshots@mozilla.org	WARN	Loading extension 'screenshots@mozilla.org': Reading manifest: Invalid extension permission: mozillaAddons
1556010480166	addons.webextension.screenshots@mozilla.org	WARN	Loading extension 'screenshots@mozilla.org': Reading manifest: Invalid extension permission: resource://pdf.js/
1556010480166	addons.webextension.screenshots@mozilla.org	WARN	Loading extension 'screenshots@mozilla.org': Reading manifest: Invalid extension permission: about:reader*
1556010489109	Marionette	INFO	Listening on port 51549
JavaScript error: resource://activity-stream/lib/ActivityStreamPrefs.jsm, line 23: NS_ERROR_ILLEGAL_VALUE: Component returned failure code: 0x80070057 (NS_ERROR_ILLEGAL_VALUE) [nsIPrefBranch.removeObserver]
[Child 3904, Chrome_ChildThread] WARNING: pipe error: 109: file z:/task_1554725583/build/s[Child 3916, Chrome_ChildThrread] WARNING: pipe error: 109: file z:/task_1554725583/build/src/ipc/chromiumc/ipc/chromium//src/chrome/common/ipc_channsrc/chroeme/commonl_win.c/c, line 341ipc_channel_win.cc, line 341

[Child[Child 13356, Chrome_ChildThread] WARNING: pipe error: 109: file z:/task_1554725583/build/src/ipc/chromium/src/chrome/common/ipc_channel_win.cc, line 341
[Child 13356, CJavaScript error: resource://gre/modules/Sqlite.jsm, line 834: Error: Connection is not open.
1556010492917	Marionette	INFO	Stopped listening on port 51549

###!!! [Child][RunMessage] Error: Channel closing: too late to send/recv, messages will be lost

[GPU 14
###!!! [Child][MessageChannel::SendAndWait] Error: Channel error: cannot send/recv

